[32m2024-10-16 00:14:09.192[0;39m [INFO] com.wipro.cpastone.farmpartner.FarmPartnerApplication [main] Starting FarmPartnerApplication using Java 21.0.4 with PID 3756 (E:\Wipro_Training_II\Capstone\New_Organic_Farm\farmPartner\target\classes started by VINAYAK in E:\Wipro_Training_II\Capstone\New_Organic_Farm\farmPartner)
[32m2024-10-16 00:14:09.209[0;39m [INFO] com.wipro.cpastone.farmpartner.FarmPartnerApplication [main] No active profile set, falling back to 1 default profile: "default"
[32m2024-10-16 00:14:10.434[0;39m [INFO] org.springframework.data.repository.config.RepositoryConfigurationDelegate [main] Bootstrapping Spring Data JPA repositories in DEFAULT mode.
[32m2024-10-16 00:14:10.516[0;39m [INFO] org.springframework.data.repository.config.RepositoryConfigurationDelegate [main] Finished Spring Data repository scanning in 68 ms. Found 1 JPA repository interface.
[32m2024-10-16 00:14:11.209[0;39m [INFO] org.springframework.boot.web.embedded.tomcat.TomcatWebServer [main] Tomcat initialized with port 8484 (http)
[32m2024-10-16 00:14:11.237[0;39m [INFO] org.apache.catalina.core.StandardService [main] Starting service [Tomcat]
[32m2024-10-16 00:14:11.238[0;39m [INFO] org.apache.catalina.core.StandardEngine [main] Starting Servlet engine: [Apache Tomcat/10.1.30]
[32m2024-10-16 00:14:11.339[0;39m [INFO] org.apache.catalina.core.ContainerBase.[Tomcat].[localhost].[/] [main] Initializing Spring embedded WebApplicationContext
[32m2024-10-16 00:14:11.340[0;39m [INFO] org.springframework.boot.web.servlet.context.ServletWebServerApplicationContext [main] Root WebApplicationContext: initialization completed in 2048 ms
[32m2024-10-16 00:14:11.553[0;39m [INFO] org.hibernate.jpa.internal.util.LogHelper [main] HHH000204: Processing PersistenceUnitInfo [name: default]
[32m2024-10-16 00:14:11.651[0;39m [INFO] org.hibernate.Version [main] HHH000412: Hibernate ORM core version 6.5.3.Final
[32m2024-10-16 00:14:11.715[0;39m [INFO] org.hibernate.cache.internal.RegionFactoryInitiator [main] HHH000026: Second-level cache disabled
[32m2024-10-16 00:14:12.375[0;39m [INFO] org.springframework.orm.jpa.persistenceunit.SpringPersistenceUnitInfo [main] No LoadTimeWeaver setup: ignoring JPA class transformer
[32m2024-10-16 00:14:12.425[0;39m [INFO] com.zaxxer.hikari.HikariDataSource [main] HikariPool-1 - Starting...
[32m2024-10-16 00:14:13.062[0;39m [INFO] com.zaxxer.hikari.pool.HikariPool [main] HikariPool-1 - Added connection com.mysql.cj.jdbc.ConnectionImpl@42cfd794
[32m2024-10-16 00:14:13.067[0;39m [INFO] com.zaxxer.hikari.HikariDataSource [main] HikariPool-1 - Start completed.
[32m2024-10-16 00:14:14.490[0;39m [INFO] org.hibernate.engine.transaction.jta.platform.internal.JtaPlatformInitiator [main] HHH000489: No JTA platform available (set 'hibernate.transaction.jta.platform' to enable JTA platform integration)
[32m2024-10-16 00:14:14.774[0;39m [INFO] org.springframework.orm.jpa.LocalContainerEntityManagerFactoryBean [main] Initialized JPA EntityManagerFactory for persistence unit 'default'
[32m2024-10-16 00:14:15.345[0;39m [WARN] org.springframework.boot.autoconfigure.orm.jpa.JpaBaseConfiguration$JpaWebConfiguration [main] spring.jpa.open-in-view is enabled by default. Therefore, database queries may be performed during view rendering. Explicitly configure spring.jpa.open-in-view to disable this warning
[32m2024-10-16 00:14:15.958[0;39m [INFO] org.springframework.boot.web.embedded.tomcat.TomcatWebServer [main] Tomcat started on port 8484 (http) with context path '/'
[32m2024-10-16 00:14:15.971[0;39m [INFO] com.wipro.cpastone.farmpartner.FarmPartnerApplication [main] Started FarmPartnerApplication in 7.363 seconds (process running for 13.048)
[32m2024-10-16 00:49:16.983[0;39m [INFO] org.apache.catalina.core.ContainerBase.[Tomcat].[localhost].[/] [http-nio-8484-exec-1] Initializing Spring DispatcherServlet 'dispatcherServlet'
[32m2024-10-16 00:49:16.985[0;39m [INFO] org.springframework.web.servlet.DispatcherServlet [http-nio-8484-exec-1] Initializing Servlet 'dispatcherServlet'
[32m2024-10-16 00:49:16.988[0;39m [INFO] org.springframework.web.servlet.DispatcherServlet [http-nio-8484-exec-1] Completed initialization in 2 ms
[32m2024-10-16 00:50:45.124[0;39m [INFO] org.springframework.boot.admin.SpringApplicationAdminMXBeanRegistrar$SpringApplicationAdmin [RMI TCP Connection(47)-127.0.0.1] Application shutdown requested.
[32m2024-10-16 00:50:45.155[0;39m [INFO] org.springframework.orm.jpa.LocalContainerEntityManagerFactoryBean [RMI TCP Connection(47)-127.0.0.1] Closing JPA EntityManagerFactory for persistence unit 'default'
[32m2024-10-16 00:50:45.171[0;39m [INFO] com.zaxxer.hikari.HikariDataSource [RMI TCP Connection(47)-127.0.0.1] HikariPool-1 - Shutdown initiated...
[32m2024-10-16 00:50:45.171[0;39m [INFO] com.zaxxer.hikari.HikariDataSource [RMI TCP Connection(47)-127.0.0.1] HikariPool-1 - Shutdown completed.
[32m2024-10-16 00:51:31.667[0;39m [INFO] com.wipro.cpastone.farmpartner.FarmPartnerApplication [main] Starting FarmPartnerApplication using Java 21.0.4 with PID 31324 (E:\Wipro_Training_II\Capstone\New_Organic_Farm\farmPartner\target\classes started by VINAYAK in E:\Wipro_Training_II\Capstone\New_Organic_Farm\farmPartner)
[32m2024-10-16 00:51:31.674[0;39m [INFO] com.wipro.cpastone.farmpartner.FarmPartnerApplication [main] No active profile set, falling back to 1 default profile: "default"
[32m2024-10-16 00:51:32.808[0;39m [INFO] org.springframework.data.repository.config.RepositoryConfigurationDelegate [main] Bootstrapping Spring Data JPA repositories in DEFAULT mode.
[32m2024-10-16 00:51:32.881[0;39m [INFO] org.springframework.data.repository.config.RepositoryConfigurationDelegate [main] Finished Spring Data repository scanning in 61 ms. Found 1 JPA repository interface.
[32m2024-10-16 00:51:33.580[0;39m [INFO] org.springframework.boot.web.embedded.tomcat.TomcatWebServer [main] Tomcat initialized with port 8484 (http)
[32m2024-10-16 00:51:33.600[0;39m [INFO] org.apache.catalina.core.StandardService [main] Starting service [Tomcat]
[32m2024-10-16 00:51:33.600[0;39m [INFO] org.apache.catalina.core.StandardEngine [main] Starting Servlet engine: [Apache Tomcat/10.1.30]
[32m2024-10-16 00:51:33.701[0;39m [INFO] org.apache.catalina.core.ContainerBase.[Tomcat].[localhost].[/] [main] Initializing Spring embedded WebApplicationContext
[32m2024-10-16 00:51:33.701[0;39m [INFO] org.springframework.boot.web.servlet.context.ServletWebServerApplicationContext [main] Root WebApplicationContext: initialization completed in 1955 ms
[32m2024-10-16 00:51:33.889[0;39m [INFO] org.hibernate.jpa.internal.util.LogHelper [main] HHH000204: Processing PersistenceUnitInfo [name: default]
[32m2024-10-16 00:51:33.955[0;39m [INFO] org.hibernate.Version [main] HHH000412: Hibernate ORM core version 6.5.3.Final
[32m2024-10-16 00:51:34.003[0;39m [INFO] org.hibernate.cache.internal.RegionFactoryInitiator [main] HHH000026: Second-level cache disabled
[32m2024-10-16 00:51:34.368[0;39m [INFO] org.springframework.orm.jpa.persistenceunit.SpringPersistenceUnitInfo [main] No LoadTimeWeaver setup: ignoring JPA class transformer
[32m2024-10-16 00:51:34.404[0;39m [INFO] com.zaxxer.hikari.HikariDataSource [main] HikariPool-1 - Starting...
[32m2024-10-16 00:51:34.840[0;39m [INFO] com.zaxxer.hikari.pool.HikariPool [main] HikariPool-1 - Added connection com.mysql.cj.jdbc.ConnectionImpl@67e4928c
[32m2024-10-16 00:51:34.844[0;39m [INFO] com.zaxxer.hikari.HikariDataSource [main] HikariPool-1 - Start completed.
[32m2024-10-16 00:51:36.145[0;39m [INFO] org.hibernate.engine.transaction.jta.platform.internal.JtaPlatformInitiator [main] HHH000489: No JTA platform available (set 'hibernate.transaction.jta.platform' to enable JTA platform integration)
[32m2024-10-16 00:51:36.322[0;39m [INFO] org.springframework.orm.jpa.LocalContainerEntityManagerFactoryBean [main] Initialized JPA EntityManagerFactory for persistence unit 'default'
[32m2024-10-16 00:51:36.864[0;39m [WARN] org.springframework.boot.autoconfigure.orm.jpa.JpaBaseConfiguration$JpaWebConfiguration [main] spring.jpa.open-in-view is enabled by default. Therefore, database queries may be performed during view rendering. Explicitly configure spring.jpa.open-in-view to disable this warning
[32m2024-10-16 00:51:37.435[0;39m [INFO] org.springframework.boot.web.embedded.tomcat.TomcatWebServer [main] Tomcat started on port 8484 (http) with context path '/'
[32m2024-10-16 00:51:37.449[0;39m [INFO] com.wipro.cpastone.farmpartner.FarmPartnerApplication [main] Started FarmPartnerApplication in 6.282 seconds (process running for 7.564)
[32m2024-10-16 00:54:15.624[0;39m [INFO] org.apache.catalina.core.ContainerBase.[Tomcat].[localhost].[/] [http-nio-8484-exec-1] Initializing Spring DispatcherServlet 'dispatcherServlet'
[32m2024-10-16 00:54:15.624[0;39m [INFO] org.springframework.web.servlet.DispatcherServlet [http-nio-8484-exec-1] Initializing Servlet 'dispatcherServlet'
[32m2024-10-16 00:54:15.626[0;39m [INFO] org.springframework.web.servlet.DispatcherServlet [http-nio-8484-exec-1] Completed initialization in 2 ms
[32m2024-10-16 00:54:38.532[0;39m [INFO] org.springframework.boot.admin.SpringApplicationAdminMXBeanRegistrar$SpringApplicationAdmin [RMI TCP Connection(11)-127.0.0.1] Application shutdown requested.
[32m2024-10-16 00:54:38.559[0;39m [INFO] org.springframework.orm.jpa.LocalContainerEntityManagerFactoryBean [RMI TCP Connection(11)-127.0.0.1] Closing JPA EntityManagerFactory for persistence unit 'default'
[32m2024-10-16 00:54:38.562[0;39m [INFO] com.zaxxer.hikari.HikariDataSource [RMI TCP Connection(11)-127.0.0.1] HikariPool-1 - Shutdown initiated...
[32m2024-10-16 00:54:38.581[0;39m [INFO] com.zaxxer.hikari.HikariDataSource [RMI TCP Connection(11)-127.0.0.1] HikariPool-1 - Shutdown completed.
[32m2024-10-16 01:37:26.431[0;39m [INFO] com.wipro.cpastone.farmpartner.FarmPartnerApplication [main] Starting FarmPartnerApplication using Java 21.0.4 with PID 27216 (E:\Wipro_Training_II\Capstone\New_Organic_Farm\farmPartner\target\classes started by VINAYAK in E:\Wipro_Training_II\Capstone\New_Organic_Farm\farmPartner)
[32m2024-10-16 01:37:26.446[0;39m [INFO] com.wipro.cpastone.farmpartner.FarmPartnerApplication [main] No active profile set, falling back to 1 default profile: "default"
[32m2024-10-16 01:37:27.641[0;39m [INFO] org.springframework.data.repository.config.RepositoryConfigurationDelegate [main] Bootstrapping Spring Data JPA repositories in DEFAULT mode.
[32m2024-10-16 01:37:27.723[0;39m [INFO] org.springframework.data.repository.config.RepositoryConfigurationDelegate [main] Finished Spring Data repository scanning in 70 ms. Found 1 JPA repository interface.
[32m2024-10-16 01:37:28.420[0;39m [INFO] org.springframework.boot.web.embedded.tomcat.TomcatWebServer [main] Tomcat initialized with port 8484 (http)
[32m2024-10-16 01:37:28.442[0;39m [INFO] org.apache.catalina.core.StandardService [main] Starting service [Tomcat]
[32m2024-10-16 01:37:28.444[0;39m [INFO] org.apache.catalina.core.StandardEngine [main] Starting Servlet engine: [Apache Tomcat/10.1.30]
[32m2024-10-16 01:37:28.562[0;39m [INFO] org.apache.catalina.core.ContainerBase.[Tomcat].[localhost].[/] [main] Initializing Spring embedded WebApplicationContext
[32m2024-10-16 01:37:28.563[0;39m [INFO] org.springframework.boot.web.servlet.context.ServletWebServerApplicationContext [main] Root WebApplicationContext: initialization completed in 2036 ms
[32m2024-10-16 01:37:28.771[0;39m [INFO] org.hibernate.jpa.internal.util.LogHelper [main] HHH000204: Processing PersistenceUnitInfo [name: default]
[32m2024-10-16 01:37:28.885[0;39m [INFO] org.hibernate.Version [main] HHH000412: Hibernate ORM core version 6.5.3.Final
[32m2024-10-16 01:37:28.947[0;39m [INFO] org.hibernate.cache.internal.RegionFactoryInitiator [main] HHH000026: Second-level cache disabled
[32m2024-10-16 01:37:29.510[0;39m [INFO] org.springframework.orm.jpa.persistenceunit.SpringPersistenceUnitInfo [main] No LoadTimeWeaver setup: ignoring JPA class transformer
[32m2024-10-16 01:37:29.563[0;39m [INFO] com.zaxxer.hikari.HikariDataSource [main] HikariPool-1 - Starting...
[32m2024-10-16 01:37:31.075[0;39m [INFO] com.zaxxer.hikari.pool.HikariPool [main] HikariPool-1 - Added connection com.mysql.cj.jdbc.ConnectionImpl@57a982f9
[32m2024-10-16 01:37:31.080[0;39m [INFO] com.zaxxer.hikari.HikariDataSource [main] HikariPool-1 - Start completed.
[32m2024-10-16 01:37:32.802[0;39m [INFO] org.hibernate.engine.transaction.jta.platform.internal.JtaPlatformInitiator [main] HHH000489: No JTA platform available (set 'hibernate.transaction.jta.platform' to enable JTA platform integration)
[32m2024-10-16 01:37:32.887[0;39m [INFO] org.springframework.orm.jpa.LocalContainerEntityManagerFactoryBean [main] Initialized JPA EntityManagerFactory for persistence unit 'default'
[32m2024-10-16 01:37:34.618[0;39m [WARN] org.springframework.boot.autoconfigure.orm.jpa.JpaBaseConfiguration$JpaWebConfiguration [main] spring.jpa.open-in-view is enabled by default. Therefore, database queries may be performed during view rendering. Explicitly configure spring.jpa.open-in-view to disable this warning
[32m2024-10-16 01:37:35.327[0;39m [INFO] org.springframework.boot.web.embedded.tomcat.TomcatWebServer [main] Tomcat started on port 8484 (http) with context path '/'
[32m2024-10-16 01:37:35.342[0;39m [INFO] com.wipro.cpastone.farmpartner.FarmPartnerApplication [main] Started FarmPartnerApplication in 9.471 seconds (process running for 10.913)
[32m2024-10-16 01:40:56.241[0;39m [INFO] org.apache.catalina.core.ContainerBase.[Tomcat].[localhost].[/] [http-nio-8484-exec-2] Initializing Spring DispatcherServlet 'dispatcherServlet'
[32m2024-10-16 01:40:56.241[0;39m [INFO] org.springframework.web.servlet.DispatcherServlet [http-nio-8484-exec-2] Initializing Servlet 'dispatcherServlet'
[32m2024-10-16 01:40:56.244[0;39m [INFO] org.springframework.web.servlet.DispatcherServlet [http-nio-8484-exec-2] Completed initialization in 3 ms
[32m2024-10-16 01:42:23.161[0;39m [INFO] org.springframework.boot.admin.SpringApplicationAdminMXBeanRegistrar$SpringApplicationAdmin [RMI TCP Connection(13)-127.0.0.1] Application shutdown requested.
[32m2024-10-16 01:42:23.209[0;39m [INFO] org.springframework.orm.jpa.LocalContainerEntityManagerFactoryBean [RMI TCP Connection(13)-127.0.0.1] Closing JPA EntityManagerFactory for persistence unit 'default'
[32m2024-10-16 01:42:23.209[0;39m [INFO] com.zaxxer.hikari.HikariDataSource [RMI TCP Connection(13)-127.0.0.1] HikariPool-1 - Shutdown initiated...
[32m2024-10-16 01:42:23.256[0;39m [INFO] com.zaxxer.hikari.HikariDataSource [RMI TCP Connection(13)-127.0.0.1] HikariPool-1 - Shutdown completed.
[32m2024-10-16 10:30:52.418[0;39m [INFO] com.wipro.cpastone.farmpartner.FarmPartnerApplication [main] Starting FarmPartnerApplication using Java 21.0.4 with PID 10372 (E:\Wipro_Training_II\Capstone\New_Organic_Farm\farmPartner\target\classes started by VINAYAK in E:\Wipro_Training_II\Capstone\New_Organic_Farm\farmPartner)
[32m2024-10-16 10:30:52.423[0;39m [INFO] com.wipro.cpastone.farmpartner.FarmPartnerApplication [main] No active profile set, falling back to 1 default profile: "default"
[32m2024-10-16 10:30:53.830[0;39m [INFO] org.springframework.data.repository.config.RepositoryConfigurationDelegate [main] Bootstrapping Spring Data JPA repositories in DEFAULT mode.
[32m2024-10-16 10:30:53.960[0;39m [INFO] org.springframework.data.repository.config.RepositoryConfigurationDelegate [main] Finished Spring Data repository scanning in 112 ms. Found 1 JPA repository interface.
[32m2024-10-16 10:30:54.976[0;39m [INFO] org.springframework.boot.web.embedded.tomcat.TomcatWebServer [main] Tomcat initialized with port 8484 (http)
[32m2024-10-16 10:30:55.001[0;39m [INFO] org.apache.catalina.core.StandardService [main] Starting service [Tomcat]
[32m2024-10-16 10:30:55.002[0;39m [INFO] org.apache.catalina.core.StandardEngine [main] Starting Servlet engine: [Apache Tomcat/10.1.30]
[32m2024-10-16 10:30:55.112[0;39m [INFO] org.apache.catalina.core.ContainerBase.[Tomcat].[localhost].[/] [main] Initializing Spring embedded WebApplicationContext
[32m2024-10-16 10:30:55.113[0;39m [INFO] org.springframework.boot.web.servlet.context.ServletWebServerApplicationContext [main] Root WebApplicationContext: initialization completed in 2594 ms
[32m2024-10-16 10:30:55.335[0;39m [INFO] org.hibernate.jpa.internal.util.LogHelper [main] HHH000204: Processing PersistenceUnitInfo [name: default]
[32m2024-10-16 10:30:55.431[0;39m [INFO] org.hibernate.Version [main] HHH000412: Hibernate ORM core version 6.5.3.Final
[32m2024-10-16 10:30:55.506[0;39m [INFO] org.hibernate.cache.internal.RegionFactoryInitiator [main] HHH000026: Second-level cache disabled
[32m2024-10-16 10:30:56.024[0;39m [INFO] org.springframework.orm.jpa.persistenceunit.SpringPersistenceUnitInfo [main] No LoadTimeWeaver setup: ignoring JPA class transformer
[32m2024-10-16 10:30:56.069[0;39m [INFO] com.zaxxer.hikari.HikariDataSource [main] HikariPool-1 - Starting...
[32m2024-10-16 10:30:56.557[0;39m [INFO] com.zaxxer.hikari.pool.HikariPool [main] HikariPool-1 - Added connection com.mysql.cj.jdbc.ConnectionImpl@7227926b
[32m2024-10-16 10:30:56.560[0;39m [INFO] com.zaxxer.hikari.HikariDataSource [main] HikariPool-1 - Start completed.
[32m2024-10-16 10:30:57.996[0;39m [INFO] org.hibernate.engine.transaction.jta.platform.internal.JtaPlatformInitiator [main] HHH000489: No JTA platform available (set 'hibernate.transaction.jta.platform' to enable JTA platform integration)
[32m2024-10-16 10:30:58.091[0;39m [INFO] org.springframework.orm.jpa.LocalContainerEntityManagerFactoryBean [main] Initialized JPA EntityManagerFactory for persistence unit 'default'
[32m2024-10-16 10:30:58.760[0;39m [WARN] org.springframework.boot.autoconfigure.orm.jpa.JpaBaseConfiguration$JpaWebConfiguration [main] spring.jpa.open-in-view is enabled by default. Therefore, database queries may be performed during view rendering. Explicitly configure spring.jpa.open-in-view to disable this warning
[32m2024-10-16 10:30:59.547[0;39m [INFO] org.springframework.boot.web.embedded.tomcat.TomcatWebServer [main] Tomcat started on port 8484 (http) with context path '/'
[32m2024-10-16 10:30:59.563[0;39m [INFO] com.wipro.cpastone.farmpartner.FarmPartnerApplication [main] Started FarmPartnerApplication in 8.142 seconds (process running for 10.047)
[32m2024-10-16 10:34:35.486[0;39m [INFO] org.apache.catalina.core.ContainerBase.[Tomcat].[localhost].[/] [http-nio-8484-exec-2] Initializing Spring DispatcherServlet 'dispatcherServlet'
[32m2024-10-16 10:34:35.487[0;39m [INFO] org.springframework.web.servlet.DispatcherServlet [http-nio-8484-exec-2] Initializing Servlet 'dispatcherServlet'
[32m2024-10-16 10:34:35.490[0;39m [INFO] org.springframework.web.servlet.DispatcherServlet [http-nio-8484-exec-2] Completed initialization in 3 ms
[32m2024-10-16 10:37:19.278[0;39m [INFO] org.springframework.boot.admin.SpringApplicationAdminMXBeanRegistrar$SpringApplicationAdmin [RMI TCP Connection(16)-127.0.0.1] Application shutdown requested.
[32m2024-10-16 10:37:19.307[0;39m [INFO] org.springframework.orm.jpa.LocalContainerEntityManagerFactoryBean [RMI TCP Connection(16)-127.0.0.1] Closing JPA EntityManagerFactory for persistence unit 'default'
[32m2024-10-16 10:37:19.310[0;39m [INFO] com.zaxxer.hikari.HikariDataSource [RMI TCP Connection(16)-127.0.0.1] HikariPool-1 - Shutdown initiated...
[32m2024-10-16 10:37:19.333[0;39m [INFO] com.zaxxer.hikari.HikariDataSource [RMI TCP Connection(16)-127.0.0.1] HikariPool-1 - Shutdown completed.
[32m2024-10-16 10:41:54.557[0;39m [INFO] com.wipro.cpastone.farmpartner.FarmPartnerApplication [main] Starting FarmPartnerApplication using Java 21.0.4 with PID 9068 (E:\Wipro_Training_II\Capstone\New_Organic_Farm\farmPartner\target\classes started by VINAYAK in E:\Wipro_Training_II\Capstone\New_Organic_Farm\farmPartner)
[32m2024-10-16 10:41:54.563[0;39m [INFO] com.wipro.cpastone.farmpartner.FarmPartnerApplication [main] No active profile set, falling back to 1 default profile: "default"
[32m2024-10-16 10:41:55.771[0;39m [INFO] org.springframework.data.repository.config.RepositoryConfigurationDelegate [main] Bootstrapping Spring Data JPA repositories in DEFAULT mode.
[32m2024-10-16 10:41:55.845[0;39m [INFO] org.springframework.data.repository.config.RepositoryConfigurationDelegate [main] Finished Spring Data repository scanning in 63 ms. Found 1 JPA repository interface.
[32m2024-10-16 10:41:56.517[0;39m [INFO] org.springframework.boot.web.embedded.tomcat.TomcatWebServer [main] Tomcat initialized with port 8484 (http)
[32m2024-10-16 10:41:56.551[0;39m [INFO] org.apache.catalina.core.StandardService [main] Starting service [Tomcat]
[32m2024-10-16 10:41:56.552[0;39m [INFO] org.apache.catalina.core.StandardEngine [main] Starting Servlet engine: [Apache Tomcat/10.1.30]
[32m2024-10-16 10:41:56.655[0;39m [INFO] org.apache.catalina.core.ContainerBase.[Tomcat].[localhost].[/] [main] Initializing Spring embedded WebApplicationContext
[32m2024-10-16 10:41:56.656[0;39m [INFO] org.springframework.boot.web.servlet.context.ServletWebServerApplicationContext [main] Root WebApplicationContext: initialization completed in 2021 ms
[32m2024-10-16 10:41:56.941[0;39m [INFO] org.hibernate.jpa.internal.util.LogHelper [main] HHH000204: Processing PersistenceUnitInfo [name: default]
[32m2024-10-16 10:41:57.070[0;39m [INFO] org.hibernate.Version [main] HHH000412: Hibernate ORM core version 6.5.3.Final
[32m2024-10-16 10:41:57.134[0;39m [INFO] org.hibernate.cache.internal.RegionFactoryInitiator [main] HHH000026: Second-level cache disabled
[32m2024-10-16 10:41:57.590[0;39m [INFO] org.springframework.orm.jpa.persistenceunit.SpringPersistenceUnitInfo [main] No LoadTimeWeaver setup: ignoring JPA class transformer
[32m2024-10-16 10:41:57.634[0;39m [INFO] com.zaxxer.hikari.HikariDataSource [main] HikariPool-1 - Starting...
[32m2024-10-16 10:41:58.118[0;39m [INFO] com.zaxxer.hikari.pool.HikariPool [main] HikariPool-1 - Added connection com.mysql.cj.jdbc.ConnectionImpl@2dde0a34
[32m2024-10-16 10:41:58.122[0;39m [INFO] com.zaxxer.hikari.HikariDataSource [main] HikariPool-1 - Start completed.
[32m2024-10-16 10:41:59.652[0;39m [INFO] org.hibernate.engine.transaction.jta.platform.internal.JtaPlatformInitiator [main] HHH000489: No JTA platform available (set 'hibernate.transaction.jta.platform' to enable JTA platform integration)
[32m2024-10-16 10:41:59.729[0;39m [INFO] org.springframework.orm.jpa.LocalContainerEntityManagerFactoryBean [main] Initialized JPA EntityManagerFactory for persistence unit 'default'
[32m2024-10-16 10:42:00.389[0;39m [WARN] org.springframework.boot.autoconfigure.orm.jpa.JpaBaseConfiguration$JpaWebConfiguration [main] spring.jpa.open-in-view is enabled by default. Therefore, database queries may be performed during view rendering. Explicitly configure spring.jpa.open-in-view to disable this warning
[32m2024-10-16 10:42:01.003[0;39m [INFO] org.springframework.boot.web.embedded.tomcat.TomcatWebServer [main] Tomcat started on port 8484 (http) with context path '/'
[32m2024-10-16 10:42:01.018[0;39m [INFO] com.wipro.cpastone.farmpartner.FarmPartnerApplication [main] Started FarmPartnerApplication in 7.242 seconds (process running for 8.695)
[32m2024-10-16 10:42:06.466[0;39m [INFO] org.apache.catalina.core.ContainerBase.[Tomcat].[localhost].[/] [http-nio-8484-exec-1] Initializing Spring DispatcherServlet 'dispatcherServlet'
[32m2024-10-16 10:42:06.466[0;39m [INFO] org.springframework.web.servlet.DispatcherServlet [http-nio-8484-exec-1] Initializing Servlet 'dispatcherServlet'
[32m2024-10-16 10:42:06.468[0;39m [INFO] org.springframework.web.servlet.DispatcherServlet [http-nio-8484-exec-1] Completed initialization in 2 ms
[32m2024-10-16 10:46:32.102[0;39m [INFO] org.springframework.boot.admin.SpringApplicationAdminMXBeanRegistrar$SpringApplicationAdmin [RMI TCP Connection(14)-127.0.0.1] Application shutdown requested.
[32m2024-10-16 10:46:32.127[0;39m [INFO] org.springframework.orm.jpa.LocalContainerEntityManagerFactoryBean [RMI TCP Connection(14)-127.0.0.1] Closing JPA EntityManagerFactory for persistence unit 'default'
[32m2024-10-16 10:46:32.131[0;39m [INFO] com.zaxxer.hikari.HikariDataSource [RMI TCP Connection(14)-127.0.0.1] HikariPool-1 - Shutdown initiated...
[32m2024-10-16 10:46:32.146[0;39m [INFO] com.zaxxer.hikari.HikariDataSource [RMI TCP Connection(14)-127.0.0.1] HikariPool-1 - Shutdown completed.
[32m2024-10-16 11:08:16.859[0;39m [INFO] com.wipro.cpastone.farmpartner.FarmPartnerApplication [main] Starting FarmPartnerApplication using Java 21.0.4 with PID 31176 (E:\Wipro_Training_II\Capstone\New_Organic_Farm\farmPartner\target\classes started by VINAYAK in E:\Wipro_Training_II\Capstone\New_Organic_Farm\farmPartner)
[32m2024-10-16 11:08:16.945[0;39m [INFO] com.wipro.cpastone.farmpartner.FarmPartnerApplication [main] No active profile set, falling back to 1 default profile: "default"
[32m2024-10-16 11:08:18.821[0;39m [INFO] org.springframework.data.repository.config.RepositoryConfigurationDelegate [main] Bootstrapping Spring Data JPA repositories in DEFAULT mode.
[32m2024-10-16 11:08:18.927[0;39m [INFO] org.springframework.data.repository.config.RepositoryConfigurationDelegate [main] Finished Spring Data repository scanning in 84 ms. Found 1 JPA repository interface.
[32m2024-10-16 11:08:19.747[0;39m [INFO] org.springframework.boot.web.embedded.tomcat.TomcatWebServer [main] Tomcat initialized with port 8484 (http)
[32m2024-10-16 11:08:19.775[0;39m [INFO] org.apache.catalina.core.StandardService [main] Starting service [Tomcat]
[32m2024-10-16 11:08:19.776[0;39m [INFO] org.apache.catalina.core.StandardEngine [main] Starting Servlet engine: [Apache Tomcat/10.1.30]
[32m2024-10-16 11:08:19.910[0;39m [INFO] org.apache.catalina.core.ContainerBase.[Tomcat].[localhost].[/] [main] Initializing Spring embedded WebApplicationContext
[32m2024-10-16 11:08:19.911[0;39m [INFO] org.springframework.boot.web.servlet.context.ServletWebServerApplicationContext [main] Root WebApplicationContext: initialization completed in 2849 ms
[32m2024-10-16 11:08:20.163[0;39m [INFO] org.hibernate.jpa.internal.util.LogHelper [main] HHH000204: Processing PersistenceUnitInfo [name: default]
[32m2024-10-16 11:08:20.490[0;39m [INFO] org.hibernate.Version [main] HHH000412: Hibernate ORM core version 6.5.3.Final
[32m2024-10-16 11:08:20.629[0;39m [INFO] org.hibernate.cache.internal.RegionFactoryInitiator [main] HHH000026: Second-level cache disabled
[32m2024-10-16 11:08:21.284[0;39m [INFO] org.springframework.orm.jpa.persistenceunit.SpringPersistenceUnitInfo [main] No LoadTimeWeaver setup: ignoring JPA class transformer
[32m2024-10-16 11:08:21.336[0;39m [INFO] com.zaxxer.hikari.HikariDataSource [main] HikariPool-1 - Starting...
[32m2024-10-16 11:08:21.906[0;39m [INFO] com.zaxxer.hikari.pool.HikariPool [main] HikariPool-1 - Added connection com.mysql.cj.jdbc.ConnectionImpl@24de63b
[32m2024-10-16 11:08:21.909[0;39m [INFO] com.zaxxer.hikari.HikariDataSource [main] HikariPool-1 - Start completed.
[32m2024-10-16 11:08:23.511[0;39m [INFO] org.hibernate.engine.transaction.jta.platform.internal.JtaPlatformInitiator [main] HHH000489: No JTA platform available (set 'hibernate.transaction.jta.platform' to enable JTA platform integration)
[32m2024-10-16 11:08:23.617[0;39m [INFO] org.springframework.orm.jpa.LocalContainerEntityManagerFactoryBean [main] Initialized JPA EntityManagerFactory for persistence unit 'default'
[32m2024-10-16 11:08:24.415[0;39m [WARN] org.springframework.boot.autoconfigure.orm.jpa.JpaBaseConfiguration$JpaWebConfiguration [main] spring.jpa.open-in-view is enabled by default. Therefore, database queries may be performed during view rendering. Explicitly configure spring.jpa.open-in-view to disable this warning
[32m2024-10-16 11:08:25.128[0;39m [INFO] org.springframework.boot.web.embedded.tomcat.TomcatWebServer [main] Tomcat started on port 8484 (http) with context path '/'
[32m2024-10-16 11:08:25.143[0;39m [INFO] com.wipro.cpastone.farmpartner.FarmPartnerApplication [main] Started FarmPartnerApplication in 9.261 seconds (process running for 11.437)
[32m2024-10-16 11:11:32.035[0;39m [INFO] org.apache.catalina.core.ContainerBase.[Tomcat].[localhost].[/] [http-nio-8484-exec-1] Initializing Spring DispatcherServlet 'dispatcherServlet'
[32m2024-10-16 11:11:32.036[0;39m [INFO] org.springframework.web.servlet.DispatcherServlet [http-nio-8484-exec-1] Initializing Servlet 'dispatcherServlet'
[32m2024-10-16 11:11:32.038[0;39m [INFO] org.springframework.web.servlet.DispatcherServlet [http-nio-8484-exec-1] Completed initialization in 2 ms
[32m2024-10-16 11:12:21.851[0;39m [INFO] org.springframework.boot.admin.SpringApplicationAdminMXBeanRegistrar$SpringApplicationAdmin [RMI TCP Connection(11)-127.0.0.1] Application shutdown requested.
[32m2024-10-16 11:12:21.879[0;39m [INFO] org.springframework.orm.jpa.LocalContainerEntityManagerFactoryBean [RMI TCP Connection(11)-127.0.0.1] Closing JPA EntityManagerFactory for persistence unit 'default'
[32m2024-10-16 11:12:21.885[0;39m [INFO] com.zaxxer.hikari.HikariDataSource [RMI TCP Connection(11)-127.0.0.1] HikariPool-1 - Shutdown initiated...
[32m2024-10-16 11:12:21.905[0;39m [INFO] com.zaxxer.hikari.HikariDataSource [RMI TCP Connection(11)-127.0.0.1] HikariPool-1 - Shutdown completed.
[32m2024-10-16 13:01:29.762[0;39m [INFO] com.wipro.cpastone.farmpartner.FarmPartnerApplication [main] Starting FarmPartnerApplication using Java 21.0.4 with PID 27456 (E:\Wipro_Training_II\Capstone\New_Organic_Farm\farmPartner\target\classes started by VINAYAK in E:\Wipro_Training_II\Capstone\New_Organic_Farm\farmPartner)
[32m2024-10-16 13:01:29.766[0;39m [INFO] com.wipro.cpastone.farmpartner.FarmPartnerApplication [main] No active profile set, falling back to 1 default profile: "default"
[32m2024-10-16 13:01:31.182[0;39m [INFO] org.springframework.data.repository.config.RepositoryConfigurationDelegate [main] Bootstrapping Spring Data JPA repositories in DEFAULT mode.
[32m2024-10-16 13:01:31.263[0;39m [INFO] org.springframework.data.repository.config.RepositoryConfigurationDelegate [main] Finished Spring Data repository scanning in 67 ms. Found 1 JPA repository interface.
[32m2024-10-16 13:01:31.966[0;39m [INFO] org.springframework.boot.web.embedded.tomcat.TomcatWebServer [main] Tomcat initialized with port 8484 (http)
[32m2024-10-16 13:01:31.985[0;39m [INFO] org.apache.catalina.core.StandardService [main] Starting service [Tomcat]
[32m2024-10-16 13:01:31.986[0;39m [INFO] org.apache.catalina.core.StandardEngine [main] Starting Servlet engine: [Apache Tomcat/10.1.30]
[32m2024-10-16 13:01:32.090[0;39m [INFO] org.apache.catalina.core.ContainerBase.[Tomcat].[localhost].[/] [main] Initializing Spring embedded WebApplicationContext
[32m2024-10-16 13:01:32.091[0;39m [INFO] org.springframework.boot.web.servlet.context.ServletWebServerApplicationContext [main] Root WebApplicationContext: initialization completed in 2254 ms
[32m2024-10-16 13:01:32.286[0;39m [INFO] org.hibernate.jpa.internal.util.LogHelper [main] HHH000204: Processing PersistenceUnitInfo [name: default]
[32m2024-10-16 13:01:32.365[0;39m [INFO] org.hibernate.Version [main] HHH000412: Hibernate ORM core version 6.5.3.Final
[32m2024-10-16 13:01:32.420[0;39m [INFO] org.hibernate.cache.internal.RegionFactoryInitiator [main] HHH000026: Second-level cache disabled
[32m2024-10-16 13:01:32.820[0;39m [INFO] org.springframework.orm.jpa.persistenceunit.SpringPersistenceUnitInfo [main] No LoadTimeWeaver setup: ignoring JPA class transformer
[32m2024-10-16 13:01:32.864[0;39m [INFO] com.zaxxer.hikari.HikariDataSource [main] HikariPool-1 - Starting...
[32m2024-10-16 13:01:33.329[0;39m [INFO] com.zaxxer.hikari.pool.HikariPool [main] HikariPool-1 - Added connection com.mysql.cj.jdbc.ConnectionImpl@72e75786
[32m2024-10-16 13:01:33.331[0;39m [INFO] com.zaxxer.hikari.HikariDataSource [main] HikariPool-1 - Start completed.
[32m2024-10-16 13:01:34.578[0;39m [INFO] org.hibernate.engine.transaction.jta.platform.internal.JtaPlatformInitiator [main] HHH000489: No JTA platform available (set 'hibernate.transaction.jta.platform' to enable JTA platform integration)
[32m2024-10-16 13:01:34.650[0;39m [INFO] org.springframework.orm.jpa.LocalContainerEntityManagerFactoryBean [main] Initialized JPA EntityManagerFactory for persistence unit 'default'
[32m2024-10-16 13:01:35.415[0;39m [WARN] org.springframework.boot.autoconfigure.orm.jpa.JpaBaseConfiguration$JpaWebConfiguration [main] spring.jpa.open-in-view is enabled by default. Therefore, database queries may be performed during view rendering. Explicitly configure spring.jpa.open-in-view to disable this warning
[32m2024-10-16 13:01:36.038[0;39m [INFO] org.springframework.boot.web.embedded.tomcat.TomcatWebServer [main] Tomcat started on port 8484 (http) with context path '/'
[32m2024-10-16 13:01:36.050[0;39m [INFO] com.wipro.cpastone.farmpartner.FarmPartnerApplication [main] Started FarmPartnerApplication in 6.924 seconds (process running for 8.467)
[32m2024-10-16 13:01:54.233[0;39m [INFO] org.apache.catalina.core.ContainerBase.[Tomcat].[localhost].[/] [http-nio-8484-exec-1] Initializing Spring DispatcherServlet 'dispatcherServlet'
[32m2024-10-16 13:01:54.233[0;39m [INFO] org.springframework.web.servlet.DispatcherServlet [http-nio-8484-exec-1] Initializing Servlet 'dispatcherServlet'
[32m2024-10-16 13:01:54.235[0;39m [INFO] org.springframework.web.servlet.DispatcherServlet [http-nio-8484-exec-1] Completed initialization in 2 ms
[32m2024-10-16 14:33:44.990[0;39m [INFO] org.springframework.boot.admin.SpringApplicationAdminMXBeanRegistrar$SpringApplicationAdmin [RMI TCP Connection(98)-127.0.0.1] Application shutdown requested.
[32m2024-10-16 14:33:45.413[0;39m [INFO] org.springframework.orm.jpa.LocalContainerEntityManagerFactoryBean [RMI TCP Connection(98)-127.0.0.1] Closing JPA EntityManagerFactory for persistence unit 'default'
[32m2024-10-16 14:33:45.503[0;39m [INFO] com.zaxxer.hikari.HikariDataSource [RMI TCP Connection(98)-127.0.0.1] HikariPool-1 - Shutdown initiated...
[32m2024-10-16 14:33:45.543[0;39m [INFO] com.zaxxer.hikari.HikariDataSource [RMI TCP Connection(98)-127.0.0.1] HikariPool-1 - Shutdown completed.
